<?xml version="1.0" encoding="UTF-8"?>
<!-- Generated by org.testng.reporters.JUnitXMLReporter -->
<testsuite hostname="KNOLSKAPE-L102" ignored="0" name="AgileTestSuite" tests="13" failures="0" timestamp="28 Nov 2019 11:00:04 GMT" time="25.046" errors="0">
  <testcase name="getGame" time="3.156" classname="testcases.game"/>
  <testcase name="post_gameStarted" time="0.567" classname="testcases.gameStarted"/>
  <testcase name="putUpdatePhase" time="0.499" classname="testcases.updatePhase"/>
  <testcase name="post_choosePrd" time="0.51" classname="testcases.choosePrd"/>
  <testcase name="postStartSprint" time="0.407" classname="testcases.startSprint"/>
  <testcase name="post_addStories" time="0.514" classname="testcases.addStories"/>
  <testcase name="postSetPriorities" time="0.575" classname="testcases.setPriorities"/>
  <testcase name="post_actionEndPoint" time="2.088" classname="testcases.actionEndPoint"/>
  <testcase name="postEndSprint" time="0.54" classname="testcases.endSprint"/>
  <testcase name="postGameCompleted" time="0.833" classname="testcases.gameCompleted"/>
  <testcase name="get_leaderboard" time="0.411" classname="testcases.leaderboard"/>
  <testcase name="post_mailUserReport" time="7.984" classname="testcases.mailUserReport"/>
  <testcase name="getUserReportDownload" time="6.86" classname="testcases.userReportDownload"/>
</testsuite> <!-- AgileTestSuite -->
