<?xml version="1.0" encoding="UTF-8"?>
<!-- Generated by org.testng.reporters.JUnitXMLReporter -->
<testsuite hostname="KNOLSKAPE-L31" ignored="0" name="AgileTestSuite" tests="6" failures="0" timestamp="27 Nov 2019 10:10:15 GMT" time="21.386" errors="0">
  <testcase name="post_gameStarted" time="8.019" classname="testcases.AgameStarted"/>
  <testcase name="post_choosePrd" time="0.818" classname="testcases.BchoosePrd"/>
  <testcase name="post_addStories" time="0.605" classname="testcases.CaddStories"/>
  <testcase name="post_actionEndPoint" time="3.151" classname="testcases.DactionEndPoint"/>
  <testcase name="get_leaderboard" time="0.574" classname="testcases.Eleaderboard"/>
  <testcase name="post_mailUserReport" time="8.067" classname="testcases.FmailUserReport"/>
</testsuite> <!-- AgileTestSuite -->
