<?xml version="1.0" encoding="UTF-8"?>
<!-- Generated by org.testng.reporters.JUnitXMLReporter -->
<testsuite hostname="KNOLSKAPE-L31" ignored="0" name="AgileTestSuite" tests="6" failures="0" timestamp="27 Nov 2019 10:49:47 GMT" time="15.566" errors="0">
  <testcase name="post_gameStarted" time="3.262" classname="testcases.gameStarted"/>
  <testcase name="post_choosePrd" time="0.635" classname="testcases.choosePrd"/>
  <testcase name="post_addStories" time="0.62" classname="testcases.addStories"/>
  <testcase name="post_actionEndPoint" time="2.243" classname="testcases.actionEndPoint"/>
  <testcase name="get_leaderboard" time="0.453" classname="testcases.leaderboard"/>
  <testcase name="post_mailUserReport" time="8.323" classname="testcases.mailUserReport"/>
</testsuite> <!-- AgileTestSuite -->
