<?xml version="1.0" encoding="UTF-8"?>
<!-- Generated by org.testng.reporters.JUnitXMLReporter -->
<testsuite hostname="KNOLSKAPE-L102" ignored="0" name="AgileTestSuite" tests="13" failures="0" timestamp="28 Nov 2019 11:01:08 GMT" time="25.008" errors="0">
  <testcase name="getGame" time="2.994" classname="testcases.game"/>
  <testcase name="post_gameStarted" time="0.618" classname="testcases.gameStarted"/>
  <testcase name="putUpdatePhase" time="0.464" classname="testcases.updatePhase"/>
  <testcase name="post_choosePrd" time="0.645" classname="testcases.choosePrd"/>
  <testcase name="postStartSprint" time="0.487" classname="testcases.startSprint"/>
  <testcase name="post_addStories" time="0.462" classname="testcases.addStories"/>
  <testcase name="postSetPriorities" time="0.662" classname="testcases.setPriorities"/>
  <testcase name="post_actionEndPoint" time="2.103" classname="testcases.actionEndPoint"/>
  <testcase name="postEndSprint" time="0.669" classname="testcases.endSprint"/>
  <testcase name="postGameCompleted" time="0.804" classname="testcases.gameCompleted"/>
  <testcase name="get_leaderboard" time="0.457" classname="testcases.leaderboard"/>
  <testcase name="post_mailUserReport" time="7.616" classname="testcases.mailUserReport"/>
  <testcase name="getUserReportDownload" time="6.96" classname="testcases.userReportDownload"/>
</testsuite> <!-- AgileTestSuite -->
