<?xml version="1.0" encoding="UTF-8"?>
<testng-results skipped="0" failed="0" ignored="0" total="13" passed="13">
  <reporter-output>
  </reporter-output>
  <suite name="Suite" duration-ms="25008" started-at="2019-11-28T11:00:43Z" finished-at="2019-11-28T11:01:08Z">
    <groups>
    </groups>
    <test name="AgileTestSuite" duration-ms="25008" started-at="2019-11-28T11:00:43Z" finished-at="2019-11-28T11:01:08Z">
      <class name="testcases.updatePhase">
        <test-method status="PASS" signature="putUpdatePhase()[pri:0, instance:testcases.updatePhase@6a024a67]" name="putUpdatePhase" duration-ms="464" started-at="2019-11-28T11:00:46Z" finished-at="2019-11-28T11:00:47Z">
          <reporter-output>
          </reporter-output>
        </test-method> <!-- putUpdatePhase -->
      </class> <!-- testcases.updatePhase -->
      <class name="testcases.gameStarted">
        <test-method status="PASS" signature="post_gameStarted()[pri:0, instance:testcases.gameStarted@6ea12c19]" name="post_gameStarted" duration-ms="618" started-at="2019-11-28T11:00:46Z" finished-at="2019-11-28T11:00:46Z">
          <reporter-output>
          </reporter-output>
        </test-method> <!-- post_gameStarted -->
      </class> <!-- testcases.gameStarted -->
      <class name="testcases.actionEndPoint">
        <test-method status="PASS" signature="post_actionEndPoint()[pri:0, instance:testcases.actionEndPoint@6a2bcfcb]" name="post_actionEndPoint" duration-ms="2103" started-at="2019-11-28T11:00:49Z" finished-at="2019-11-28T11:00:51Z">
          <reporter-output>
          </reporter-output>
        </test-method> <!-- post_actionEndPoint -->
      </class> <!-- testcases.actionEndPoint -->
      <class name="testcases.game">
        <test-method status="PASS" signature="getGame()[pri:0, instance:testcases.game@5afa04c]" name="getGame" duration-ms="2994" started-at="2019-11-28T11:00:43Z" finished-at="2019-11-28T11:00:46Z">
          <reporter-output>
          </reporter-output>
        </test-method> <!-- getGame -->
      </class> <!-- testcases.game -->
      <class name="testcases.setPriorities">
        <test-method status="PASS" signature="postSetPriorities()[pri:0, instance:testcases.setPriorities@1efbd816]" name="postSetPriorities" duration-ms="662" started-at="2019-11-28T11:00:48Z" finished-at="2019-11-28T11:00:49Z">
          <reporter-output>
          </reporter-output>
        </test-method> <!-- postSetPriorities -->
      </class> <!-- testcases.setPriorities -->
      <class name="testcases.leaderboard">
        <test-method status="PASS" signature="get_leaderboard()[pri:0, instance:testcases.leaderboard@7c0e2abd]" name="get_leaderboard" duration-ms="457" started-at="2019-11-28T11:00:53Z" finished-at="2019-11-28T11:00:53Z">
          <reporter-output>
          </reporter-output>
        </test-method> <!-- get_leaderboard -->
      </class> <!-- testcases.leaderboard -->
      <class name="testcases.addStories">
        <test-method status="PASS" signature="post_addStories()[pri:0, instance:testcases.addStories@66d2e7d9]" name="post_addStories" duration-ms="462" started-at="2019-11-28T11:00:48Z" finished-at="2019-11-28T11:00:48Z">
          <reporter-output>
          </reporter-output>
        </test-method> <!-- post_addStories -->
      </class> <!-- testcases.addStories -->
      <class name="testcases.choosePrd">
        <test-method status="PASS" signature="post_choosePrd()[pri:0, instance:testcases.choosePrd@7921b0a2]" name="post_choosePrd" duration-ms="645" started-at="2019-11-28T11:00:47Z" finished-at="2019-11-28T11:00:47Z">
          <reporter-output>
          </reporter-output>
        </test-method> <!-- post_choosePrd -->
      </class> <!-- testcases.choosePrd -->
      <class name="testcases.gameCompleted">
        <test-method status="PASS" signature="postGameCompleted()[pri:0, instance:testcases.gameCompleted@3c756e4d]" name="postGameCompleted" duration-ms="804" started-at="2019-11-28T11:00:52Z" finished-at="2019-11-28T11:00:53Z">
          <reporter-output>
          </reporter-output>
        </test-method> <!-- postGameCompleted -->
      </class> <!-- testcases.gameCompleted -->
      <class name="testcases.startSprint">
        <test-method status="PASS" signature="postStartSprint()[pri:0, instance:testcases.startSprint@174d20a]" name="postStartSprint" duration-ms="487" started-at="2019-11-28T11:00:47Z" finished-at="2019-11-28T11:00:48Z">
          <reporter-output>
          </reporter-output>
        </test-method> <!-- postStartSprint -->
      </class> <!-- testcases.startSprint -->
      <class name="testcases.endSprint">
        <test-method status="PASS" signature="postEndSprint()[pri:0, instance:testcases.endSprint@4de8b406]" name="postEndSprint" duration-ms="669" started-at="2019-11-28T11:00:51Z" finished-at="2019-11-28T11:00:52Z">
          <reporter-output>
          </reporter-output>
        </test-method> <!-- postEndSprint -->
      </class> <!-- testcases.endSprint -->
      <class name="testcases.userReportDownload">
        <test-method status="PASS" signature="getUserReportDownload()[pri:0, instance:testcases.userReportDownload@402f32ff]" name="getUserReportDownload" duration-ms="6960" started-at="2019-11-28T11:01:01Z" finished-at="2019-11-28T11:01:08Z">
          <reporter-output>
          </reporter-output>
        </test-method> <!-- getUserReportDownload -->
      </class> <!-- testcases.userReportDownload -->
      <class name="testcases.mailUserReport">
        <test-method status="PASS" signature="post_mailUserReport()[pri:0, instance:testcases.mailUserReport@48eff760]" name="post_mailUserReport" duration-ms="7616" started-at="2019-11-28T11:00:53Z" finished-at="2019-11-28T11:01:01Z">
          <reporter-output>
          </reporter-output>
        </test-method> <!-- post_mailUserReport -->
      </class> <!-- testcases.mailUserReport -->
    </test> <!-- AgileTestSuite -->
  </suite> <!-- Suite -->
</testng-results>
