<?xml version="1.0" encoding="UTF-8"?>
<testsuite xmlns:xsi="http://www.w3.org/2001/XMLSchema-instance" xsi:noNamespaceSchemaLocation="https://maven.apache.org/surefire/maven-surefire-plugin/xsd/surefire-test-report-3.0.xsd" version="3.0" name="TestSuite" time="17.138" tests="6" errors="0" skipped="0" failures="0">
  <properties>
[...]
</properties>
  <testcase name="post_gameStarted" classname="testcases.gameStarted" time="3.262"/>
  <testcase name="post_choosePrd" classname="testcases.choosePrd" time="0.661"/>
  <testcase name="post_addStories" classname="testcases.addStories" time="0.596"/>
  <testcase name="post_actionEndPoint" classname="testcases.actionEndPoint" time="2.242"/>
  <testcase name="get_leaderboard" classname="testcases.leaderboard" time="0.455"/>
  <testcase name="post_mailUserReport" classname="testcases.mailUserReport" time="8.321"/>
</testsuite>