<?xml version="1.0" encoding="UTF-8"?>
<testng-results skipped="0" failed="0" ignored="0" total="1" passed="1">
  <reporter-output>
  </reporter-output>
  <suite name="Default suite" duration-ms="8347" started-at="2019-11-27T07:11:33Z" finished-at="2019-11-27T07:11:41Z">
    <groups>
    </groups>
    <test name="Default test" duration-ms="8347" started-at="2019-11-27T07:11:33Z" finished-at="2019-11-27T07:11:41Z">
      <class name="testcases.game">
        <test-method status="PASS" signature="getGame()[pri:0, instance:testcases.game@6a4f787b]" name="getGame" duration-ms="8322" started-at="2019-11-27T07:11:33Z" finished-at="2019-11-27T07:11:41Z">
          <reporter-output>
          </reporter-output>
        </test-method> <!-- getGame -->
      </class> <!-- testcases.game -->
    </test> <!-- Default test -->
  </suite> <!-- Default suite -->
</testng-results>
